TN:
SF:src/App.tsx
FN:5,App
FNF:1
FNH:1
FNDA:3,App
DA:6,3
DA:8,3
DA:10,2
LF:3
LH:3
BRDA:8,0,0,1
BRDA:8,0,1,2
BRDA:10,1,0,1
BRDA:10,1,1,1
BRF:4
BRH:4
end_of_record
TN:
SF:src/api/client.ts
FN:18,constructor
FN:26,isAuth
FN:38,messageFrom
FN:55,parse
FN:74,renovar
FN:78,(anonymous_5)
FN:107,request
FN:134,(anonymous_7)
FN:135,(anonymous_8)
FN:136,(anonymous_9)
FN:137,(anonymous_10)
FNF:11
FNH:9
FNDA:8,constructor
FNDA:1,isAuth
FNDA:8,messageFrom
FNDA:99,parse
FNDA:8,renovar
FNDA:4,(anonymous_5)
FNDA:104,request
FNDA:92,(anonymous_7)
FNDA:8,(anonymous_8)
FNDA:0,(anonymous_9)
FNDA:0,(anonymous_10)
DA:12,8
DA:19,8
DA:20,8
DA:21,8
DA:22,8
DA:27,1
DA:39,8
DA:40,8
DA:41,8
DA:42,8
DA:43,2
DA:44,2
DA:45,1
DA:46,1
DA:47,1
DA:50,1
DA:51,0
DA:52,0
DA:56,99
DA:57,98
DA:58,97
DA:59,97
DA:60,97
DA:62,0
DA:72,8
DA:76,8
DA:78,6
DA:79,4
DA:80,4
DA:85,4
DA:86,2
DA:87,2
DA:89,2
DA:90,2
DA:92,4
DA:96,6
DA:108,104
DA:110,104
DA:111,104
DA:113,104
DA:115,104
DA:122,103
DA:123,4
DA:126,99
DA:127,98
DA:128,8
DA:130,90
DA:133,8
DA:134,92
DA:135,8
DA:136,0
DA:137,0
LF:52
LH:47
BRDA:12,0,0,8
BRDA:12,0,1,8
BRDA:39,1,0,0
BRDA:39,1,1,8
BRDA:39,2,0,8
BRDA:39,2,1,0
BRDA:40,3,0,8
BRDA:40,3,1,0
BRDA:40,4,0,8
BRDA:40,4,1,8
BRDA:42,5,0,6
BRDA:42,5,1,2
BRDA:44,6,0,1
BRDA:44,6,1,1
BRDA:46,7,0,1
BRDA:46,7,1,0
BRDA:47,8,0,0
BRDA:47,8,1,1
BRDA:50,9,0,1
BRDA:50,9,1,0
BRDA:51,10,0,0
BRDA:51,10,1,0
BRDA:56,11,0,1
BRDA:56,11,1,98
BRDA:58,12,0,0
BRDA:58,12,1,97
BRDA:76,13,0,2
BRDA:76,13,1,6
BRDA:85,14,0,2
BRDA:85,14,1,2
BRDA:107,15,0,104
BRDA:108,16,0,104
BRDA:108,17,0,104
BRDA:111,18,0,6
BRDA:111,18,1,98
BRDA:113,19,0,16
BRDA:113,19,1,88
BRDA:118,20,0,98
BRDA:118,20,1,6
BRDA:122,21,0,4
BRDA:122,21,1,99
BRDA:122,22,0,103
BRDA:122,22,1,8
BRDA:122,22,2,8
BRDA:127,23,0,8
BRDA:127,23,1,90
BRF:46
BRH:37
end_of_record
TN:
SF:src/api/queries.ts
FN:30,(anonymous_0)
FN:31,(anonymous_1)
FN:32,(anonymous_2)
FN:33,(anonymous_3)
FN:36,useMe
FN:39,(anonymous_5)
FN:44,useDepots
FN:47,(anonymous_7)
FN:58,useVehicles
FN:61,(anonymous_9)
FN:71,useStops
FN:74,(anonymous_11)
FN:83,useRoutes
FN:86,(anonymous_13)
FN:102,useRoutesWithStops
FN:105,(anonymous_15)
FN:115,useRoute
FN:118,(anonymous_17)
FN:123,usePlanDay
FN:126,(anonymous_19)
FN:128,(anonymous_20)
FNF:21
FNH:19
FNDA:29,(anonymous_0)
FNDA:30,(anonymous_1)
FNDA:62,(anonymous_2)
FNDA:15,(anonymous_3)
FNDA:0,useMe
FNDA:0,(anonymous_5)
FNDA:30,useDepots
FNDA:10,(anonymous_7)
FNDA:29,useVehicles
FNDA:8,(anonymous_9)
FNDA:28,useStops
FNDA:17,(anonymous_11)
FNDA:29,useRoutes
FNDA:18,(anonymous_13)
FNDA:28,useRoutesWithStops
FNDA:17,(anonymous_15)
FNDA:15,useRoute
FNDA:7,(anonymous_17)
FNDA:30,usePlanDay
FNDA:1,(anonymous_19)
FNDA:1,(anonymous_20)
DA:27,3
DA:30,29
DA:31,30
DA:32,62
DA:33,15
DA:37,0
DA:39,0
DA:45,30
DA:47,10
DA:59,29
DA:62,8
DA:63,8
DA:64,8
DA:72,28
DA:75,17
DA:76,17
DA:77,17
DA:84,29
DA:87,18
DA:88,18
DA:89,18
DA:103,28
DA:106,17
DA:107,17
DA:108,17
DA:116,15
DA:118,7
DA:124,30
DA:125,30
DA:127,1
DA:129,1
DA:130,1
LF:32
LH:30
BRDA:30,0,0,29
BRDA:30,0,1,10
BRDA:31,1,0,30
BRDA:31,1,1,10
BRDA:32,2,0,62
BRDA:32,2,1,18
BRDA:63,3,0,8
BRDA:63,3,1,0
BRDA:76,4,0,8
BRDA:76,4,1,9
BRDA:88,5,0,9
BRDA:88,5,1,9
BRDA:107,6,0,8
BRDA:107,6,1,9
BRDA:117,7,0,15
BRDA:117,7,1,1
BRF:16
BRH:15
end_of_record
TN:
SF:src/api/tokens.ts
FN:16,access
FN:19,refresh
FN:22,save
FN:26,clear
FNF:4
FNH:4
FNDA:170,access
FNDA:9,refresh
FNDA:12,save
FNDA:15,clear
DA:12,8
DA:13,8
DA:15,8
DA:17,170
DA:20,9
DA:23,12
DA:24,12
DA:27,15
DA:28,15
LF:9
LH:9
BRDA:24,0,0,11
BRDA:24,0,1,1
BRF:2
BRH:2
end_of_record
TN:
SF:src/auth/AuthProvider.tsx
FN:18,AuthProvider
FN:20,(anonymous_1)
FN:22,(anonymous_2)
FN:27,(anonymous_3)
FN:28,(anonymous_4)
FN:29,(anonymous_5)
FN:30,(anonymous_6)
FN:35,(anonymous_7)
FN:46,(anonymous_8)
FN:51,(anonymous_9)
FNF:10
FNH:10
FNDA:34,AuthProvider
FNDA:29,(anonymous_1)
FNDA:29,(anonymous_2)
FNDA:2,(anonymous_3)
FNDA:1,(anonymous_4)
FNDA:3,(anonymous_5)
FNDA:3,(anonymous_6)
FNDA:5,(anonymous_7)
FNDA:1,(anonymous_8)
FNDA:34,(anonymous_9)
DA:19,34
DA:20,34
DA:22,34
DA:23,29
DA:24,3
DA:25,3
DA:27,2
DA:28,1
DA:29,3
DA:30,3
DA:31,3
DA:35,34
DA:36,5
DA:37,3
DA:38,3
DA:39,3
DA:41,2
DA:42,2
DA:46,34
DA:47,1
DA:48,1
DA:51,34
DA:52,34
DA:56,34
LF:24
LH:24
BRDA:23,0,0,26
BRDA:23,0,1,3
BRDA:27,1,0,2
BRDA:27,1,1,2
BRDA:29,2,0,3
BRDA:29,2,1,3
BRDA:42,3,0,1
BRDA:42,3,1,1
BRF:8
BRH:8
end_of_record
TN:
SF:src/auth/context.ts
FNF:0
FNH:0
DA:17,8
LF:1
LH:1
BRF:0
BRH:0
end_of_record
TN:
SF:src/auth/useAuth.ts
FN:5,useAuth
FNF:1
FNH:1
FNDA:79,useAuth
DA:6,79
DA:7,79
DA:8,2
DA:10,76
LF:4
LH:4
BRDA:7,0,0,2
BRDA:7,0,1,77
BRF:2
BRH:2
end_of_record
TN:
SF:src/components/Logo.tsx
FN:18,LogoMark
FN:65,Logo
FNF:2
FNH:2
FNDA:164,LogoMark
FNDA:164,Logo
DA:19,164
DA:21,164
DA:66,164
LF:3
LH:3
BRDA:18,0,0,164
BRDA:18,1,0,164
BRDA:30,2,0,164
BRDA:30,2,1,164
BRDA:39,3,0,0
BRDA:39,3,1,164
BRDA:65,4,0,164
BRDA:72,5,0,164
BRDA:72,5,1,96
BRF:9
BRH:8
end_of_record
TN:
SF:src/components/MapPanel.tsx
FN:81,markerElement
FN:98,webglProblem
FN:104,probeWebgl
FN:117,MapPanel
FN:121,(anonymous_4)
FN:130,(anonymous_5)
FN:156,(anonymous_6)
FN:161,(anonymous_7)
FN:165,(anonymous_8)
FN:177,(anonymous_9)
FN:189,(anonymous_10)
FN:195,(anonymous_11)
FN:200,(anonymous_12)
FN:205,(anonymous_13)
FN:214,(anonymous_14)
FN:219,(anonymous_15)
FN:221,(anonymous_16)
FN:224,(anonymous_17)
FN:229,(anonymous_18)
FN:257,(anonymous_19)
FN:260,(anonymous_20)
FN:291,(anonymous_21)
FN:318,(anonymous_22)
FN:329,(anonymous_23)
FN:376,(anonymous_24)
FNF:25
FNH:7
FNDA:0,markerElement
FNDA:6,webglProblem
FNDA:1,probeWebgl
FNDA:3,MapPanel
FNDA:3,(anonymous_4)
FNDA:3,(anonymous_5)
FNDA:0,(anonymous_6)
FNDA:0,(anonymous_7)
FNDA:0,(anonymous_8)
FNDA:0,(anonymous_9)
FNDA:0,(anonymous_10)
FNDA:0,(anonymous_11)
FNDA:0,(anonymous_12)
FNDA:0,(anonymous_13)
FNDA:3,(anonymous_14)
FNDA:0,(anonymous_15)
FNDA:0,(anonymous_16)
FNDA:0,(anonymous_17)
FNDA:0,(anonymous_18)
FNDA:0,(anonymous_19)
FNDA:0,(anonymous_20)
FNDA:0,(anonymous_21)
FNDA:3,(anonymous_22)
FNDA:0,(anonymous_23)
FNDA:0,(anonymous_24)
DA:32,1
DA:40,1
DA:53,1
DA:82,0
DA:83,0
DA:84,0
DA:85,0
DA:86,0
DA:99,6
DA:100,1
DA:101,1
DA:105,1
DA:106,1
DA:107,1
DA:108,1
DA:109,1
DA:111,0
DA:113,0
DA:118,3
DA:119,3
DA:120,3
DA:121,3
DA:122,3
DA:123,3
DA:127,3
DA:128,3
DA:130,3
DA:131,3
DA:132,3
DA:135,0
DA:136,0
DA:145,0
DA:150,0
DA:153,0
DA:155,0
DA:156,0
DA:157,0
DA:158,0
DA:161,0
DA:162,0
DA:163,0
DA:164,0
DA:165,0
DA:166,0
DA:167,0
DA:168,0
DA:170,0
DA:171,0
DA:174,0
DA:176,0
DA:177,0
DA:178,0
DA:179,0
DA:187,0
DA:189,0
DA:190,0
DA:191,0
DA:192,0
DA:195,0
DA:196,0
DA:200,0
DA:201,0
DA:203,0
DA:205,0
DA:206,0
DA:207,0
DA:208,0
DA:209,0
DA:210,0
DA:214,3
DA:215,3
DA:216,3
DA:218,0
DA:219,0
DA:220,0
DA:221,0
DA:223,0
DA:224,0
DA:225,0
DA:229,0
DA:230,0
DA:232,0
DA:233,0
DA:235,0
DA:236,0
DA:239,0
DA:241,0
DA:242,0
DA:243,0
DA:254,0
DA:257,0
DA:258,0
DA:259,0
DA:260,0
DA:264,0
DA:266,0
DA:270,0
DA:271,0
DA:279,0
DA:291,0
DA:292,0
DA:293,0
DA:308,0
DA:309,0
DA:313,0
DA:314,0
DA:318,3
DA:319,3
DA:320,3
DA:322,0
DA:329,0
DA:330,0
DA:331,0
DA:335,0
DA:338,3
DA:377,0
LF:116
LH:29
BRDA:32,0,0,1
BRDA:32,0,1,1
BRDA:81,1,0,0
BRDA:83,2,0,0
BRDA:83,2,1,0
BRDA:99,3,0,5
BRDA:99,3,1,1
BRDA:108,4,0,1
BRDA:108,4,1,0
BRDA:113,5,0,0
BRDA:113,5,1,0
BRDA:123,6,0,3
BRDA:123,6,1,0
BRDA:131,7,0,0
BRDA:131,7,1,3
BRDA:131,8,0,3
BRDA:131,8,1,3
BRDA:132,9,0,3
BRDA:132,9,1,0
BRDA:148,10,0,0
BRDA:148,10,1,0
BRDA:162,11,0,0
BRDA:162,11,1,0
BRDA:166,12,0,0
BRDA:166,12,1,0
BRDA:190,13,0,0
BRDA:190,13,1,0
BRDA:191,14,0,0
BRDA:191,14,1,0
BRDA:216,15,0,3
BRDA:216,15,1,0
BRDA:216,16,0,3
BRDA:216,16,1,0
BRDA:218,17,0,0
BRDA:218,17,1,0
BRDA:232,18,0,0
BRDA:232,18,1,0
BRDA:233,19,0,0
BRDA:233,19,1,0
BRDA:235,20,0,0
BRDA:235,20,1,0
BRDA:236,21,0,0
BRDA:236,21,1,0
BRDA:241,22,0,0
BRDA:241,22,1,0
BRDA:259,23,0,0
BRDA:259,23,1,0
BRDA:264,24,0,0
BRDA:264,24,1,0
BRDA:266,25,0,0
BRDA:266,25,1,0
BRDA:286,26,0,0
BRDA:286,26,1,0
BRDA:287,27,0,0
BRDA:287,27,1,0
BRDA:295,28,0,0
BRDA:295,28,1,0
BRDA:313,29,0,0
BRDA:313,29,1,0
BRDA:320,30,0,3
BRDA:320,30,1,0
BRDA:320,31,0,3
BRDA:320,31,1,0
BRDA:320,31,2,0
BRDA:332,32,0,0
BRDA:332,32,1,0
BRDA:342,33,0,3
BRDA:342,33,1,0
BRDA:351,34,0,3
BRDA:351,34,1,3
BRDA:359,35,0,3
BRDA:359,35,1,3
BRDA:366,36,0,3
BRDA:366,36,1,0
BRDA:366,36,2,0
BRDA:373,37,0,3
BRDA:373,37,1,0
BRDA:373,37,2,0
BRF:78
BRH:21
end_of_record
TN:
SF:src/components/Metrics.tsx
FN:12,Metric
FN:32,(anonymous_1)
FN:50,Metrics
FN:67,(anonymous_3)
FN:68,(anonymous_4)
FN:75,(anonymous_5)
FNF:6
FNH:6
FNDA:150,Metric
FNDA:38,(anonymous_1)
FNDA:37,Metrics
FNDA:57,(anonymous_3)
FNDA:31,(anonymous_4)
FNDA:31,(anonymous_5)
DA:23,150
DA:32,38
DA:51,37
DA:52,18
DA:60,19
DA:61,19
DA:62,19
DA:64,37
DA:65,37
DA:67,57
DA:68,37
DA:69,31
DA:72,37
DA:73,37
DA:75,37
DA:76,31
DA:77,31
DA:78,31
DA:79,31
DA:82,37
LF:20
LH:20
BRDA:16,0,0,150
BRDA:24,1,0,126
BRDA:24,1,1,24
BRDA:27,2,0,150
BRDA:27,2,1,150
BRDA:51,3,0,18
BRDA:51,3,1,19
BRDA:62,4,0,18
BRDA:62,4,1,1
BRDA:69,5,0,20
BRDA:69,5,1,11
BRDA:69,6,0,31
BRDA:69,6,1,12
BRDA:72,7,0,19
BRDA:72,7,1,0
BRDA:73,8,0,19
BRDA:73,8,1,0
BRDA:73,9,0,37
BRDA:73,9,1,19
BRDA:77,10,0,0
BRDA:77,10,1,31
BRDA:79,11,0,19
BRDA:79,11,1,12
BRDA:79,12,0,31
BRDA:79,12,1,12
BRDA:91,13,0,18
BRDA:91,13,1,1
BRDA:93,14,0,18
BRDA:93,14,1,1
BRDA:98,15,0,2
BRDA:98,15,1,17
BRDA:99,16,0,2
BRDA:99,16,1,17
BRDA:103,17,0,19
BRDA:103,17,1,0
BRDA:104,18,0,19
BRDA:104,18,1,0
BRDA:108,19,0,19
BRDA:108,19,1,0
BRDA:110,20,0,19
BRDA:110,20,1,0
BRDA:110,21,0,37
BRDA:110,21,1,19
BRDA:112,22,0,0
BRDA:112,22,1,0
BRDA:116,23,0,1
BRDA:116,23,1,18
BRDA:120,24,0,19
BRDA:120,24,1,0
BRDA:122,25,0,19
BRDA:122,25,1,0
BRDA:123,26,0,2
BRDA:123,26,1,17
BRDA:128,27,0,2
BRDA:128,27,1,17
BRDA:128,28,0,37
BRDA:128,28,1,19
BRF:57
BRH:46
end_of_record
TN:
SF:src/components/RouteList.tsx
FN:11,RouteList
FN:23,(anonymous_1)
FN:33,(anonymous_2)
FNF:3
FNH:3
FNDA:17,RouteList
FNDA:29,(anonymous_1)
FNDA:4,(anonymous_2)
DA:12,17
DA:13,1
DA:21,16
DA:24,29
DA:25,29
DA:26,29
DA:33,4
LF:7
LH:7
BRDA:12,0,0,1
BRDA:12,0,1,16
BRDA:33,1,0,1
BRDA:33,1,1,3
BRDA:38,2,0,29
BRDA:38,2,1,1
BRF:6
BRH:6
end_of_record
TN:
SF:src/components/RouteStops.tsx
FN:15,RouteStops
FN:39,(anonymous_1)
FN:47,(anonymous_2)
FNF:3
FNH:3
FNDA:14,RouteStops
FNDA:11,(anonymous_1)
FNDA:1,(anonymous_2)
DA:6,2
DA:7,2
DA:16,14
DA:18,14
DA:19,7
DA:27,7
DA:28,1
DA:36,6
DA:40,11
DA:41,11
DA:42,11
DA:47,1
LF:12
LH:12
BRDA:18,0,0,7
BRDA:18,0,1,7
BRDA:27,1,0,1
BRDA:27,1,1,6
BRDA:41,2,0,1
BRDA:41,2,1,10
BRDA:41,3,0,1
BRDA:41,3,1,9
BRF:8
BRH:8
end_of_record
TN:
SF:src/components/StatusPill.tsx
FN:12,StatusPill
FNF:1
FNH:1
FNDA:24,StatusPill
DA:3,3
DA:13,24
LF:2
LH:2
BRF:0
BRH:0
end_of_record
TN:
SF:src/components/palette.ts
FN:22,routeColor
FNF:1
FNH:1
FNDA:42,routeColor
DA:10,4
DA:23,42
LF:2
LH:2
BRF:0
BRH:0
end_of_record
TN:
SF:src/hooks/usePersistentState.ts
FN:14,usePersistentState
FN:19,(anonymous_1)
FN:29,(anonymous_2)
FNF:3
FNH:3
FNDA:35,usePersistentState
FNDA:14,(anonymous_1)
FNDA:3,(anonymous_2)
DA:19,35
DA:20,14
DA:21,14
DA:22,14
DA:23,3
DA:25,1
DA:29,35
DA:31,3
DA:32,3
DA:33,3
DA:40,35
LF:11
LH:11
BRDA:22,0,0,10
BRDA:22,0,1,4
BRDA:23,1,0,3
BRDA:23,1,1,1
BRF:4
BRH:4
end_of_record
TN:
SF:src/pages/DashboardPage.tsx
FN:26,(anonymous_0)
FN:27,(anonymous_1)
FN:31,today
FN:37,initials
FN:42,(anonymous_4)
FN:46,DashboardPage
FN:49,(anonymous_6)
FN:66,(anonymous_7)
FN:66,(anonymous_8)
FN:68,(anonymous_9)
FN:69,onKey
FN:71,(anonymous_11)
FN:78,(anonymous_12)
FN:98,(anonymous_13)
FN:104,(anonymous_14)
FN:117,(anonymous_15)
FN:129,(anonymous_16)
FN:184,(anonymous_17)
FN:211,(anonymous_18)
FNF:19
FNH:17
FNDA:1,(anonymous_0)
FNDA:1,(anonymous_1)
FNDA:9,today
FNDA:28,initials
FNDA:56,(anonymous_4)
FNDA:28,DashboardPage
FNDA:1,(anonymous_6)
FNDA:25,(anonymous_7)
FNDA:9,(anonymous_8)
FNDA:9,(anonymous_9)
FNDA:1,onKey
FNDA:1,(anonymous_11)
FNDA:9,(anonymous_12)
FNDA:1,(anonymous_13)
FNDA:38,(anonymous_14)
FNDA:0,(anonymous_15)
FNDA:0,(anonymous_16)
FNDA:2,(anonymous_17)
FNDA:1,(anonymous_18)
DA:26,1
DA:27,1
DA:32,9
DA:33,9
DA:34,9
DA:38,28
DA:42,56
DA:47,28
DA:48,28
DA:49,28
DA:50,1
DA:51,1
DA:53,28
DA:54,28
DA:56,28
DA:57,28
DA:58,28
DA:60,28
DA:61,28
DA:62,28
DA:63,28
DA:64,28
DA:66,28
DA:68,28
DA:70,1
DA:71,1
DA:72,1
DA:73,1
DA:74,1
DA:77,9
DA:78,9
DA:81,28
DA:83,28
DA:84,28
DA:86,28
DA:99,1
DA:100,1
DA:101,1
DA:105,38
DA:118,0
DA:119,0
DA:120,0
DA:129,0
DA:185,2
DA:186,2
DA:212,1
LF:46
LH:42
BRDA:42,0,0,56
BRDA:42,0,1,0
BRDA:51,1,0,1
BRDA:51,1,1,0
BRDA:51,2,0,1
BRDA:51,2,1,1
BRDA:56,3,0,28
BRDA:57,4,0,28
BRDA:57,4,1,24
BRDA:57,4,2,9
BRDA:60,5,0,28
BRDA:61,6,0,28
BRDA:62,7,0,28
BRDA:63,8,0,28
BRDA:70,9,0,0
BRDA:70,9,1,1
BRDA:72,10,0,0
BRDA:72,10,1,1
BRDA:81,11,0,11
BRDA:81,11,1,17
BRDA:81,12,0,11
BRDA:81,12,1,0
BRDA:84,13,0,28
BRDA:84,13,1,0
BRDA:84,13,2,0
BRDA:97,14,0,28
BRDA:97,14,1,9
BRDA:128,15,0,28
BRDA:128,15,1,28
BRDA:131,16,0,0
BRDA:131,16,1,28
BRDA:131,17,0,11
BRDA:131,17,1,17
BRDA:151,18,0,28
BRDA:151,18,1,0
BRDA:154,19,0,0
BRDA:154,19,1,0
BRDA:169,20,0,28
BRDA:169,20,1,11
BRDA:174,21,0,17
BRDA:174,21,1,11
BRDA:192,22,0,28
BRDA:192,22,1,2
BRDA:202,23,0,28
BRDA:202,23,1,1
BRF:45
BRH:34
end_of_record
TN:
SF:src/pages/LoginPage.tsx
FN:9,LoginPage
FN:16,onSubmit
FN:78,(anonymous_2)
FN:90,(anonymous_3)
FN:114,(anonymous_4)
FNF:5
FNH:4
FNDA:68,LoginPage
FNDA:5,onSubmit
FNDA:25,(anonymous_2)
FNDA:29,(anonymous_3)
FNDA:0,(anonymous_4)
DA:7,1
DA:10,68
DA:11,68
DA:12,68
DA:13,68
DA:14,68
DA:17,5
DA:18,5
DA:19,5
DA:20,5
DA:21,5
DA:23,4
DA:25,5
DA:29,68
DA:78,25
DA:90,29
DA:115,0
DA:116,0
LF:18
LH:16
BRDA:23,0,0,2
BRDA:23,0,1,2
BRDA:96,1,0,68
BRDA:96,1,1,3
BRDA:104,2,0,5
BRDA:104,2,1,63
BRF:6
BRH:6
end_of_record
